00:40:58 M:122380288  NOTICE: -----------------------------------------------------------------------
00:40:58 M:122359808  NOTICE: Starting XBMC4Xbox 3.6-DEV-r33032 (SVN:33032, compiler 1310). Built on Mar  8 2018
00:40:58 M:122359808  NOTICE: special://xbmc/ is mapped to: Q:\
00:40:58 M:122359808  NOTICE: special://masterprofile/ is mapped to: Q:\UserData
00:40:58 M:122359808  NOTICE: special://home/ is mapped to: Q:\
00:40:58 M:122359808  NOTICE: special://temp/ is mapped to: Z:\
00:40:58 M:122359808  NOTICE: The executable running is: E:\APPS\XBMC\default.xbe
00:40:58 M:122359808  NOTICE: Log File is located: Q:\xbmc.log
00:40:58 M:122359808  NOTICE: -----------------------------------------------------------------------
00:40:58 M:122359808  NOTICE: Unmapped drive T
00:40:58 M:122359808  NOTICE: Mapping drive T to Harddisk0\Partition1\APPS\XBMC\UserData\
00:40:58 M:122359808  NOTICE: 128MB hack enabled
00:40:58 M:122359808  NOTICE: Setup DirectX
00:40:58 M:122331136  NOTICE: Mapping drive C to Harddisk0\Partition2
00:40:58 M:122331136  NOTICE: Mapping drive E to Harddisk0\Partition1
00:40:58 M:122331136  NOTICE: Unmapped drive D
00:40:58 M:122331136  NOTICE: Mapping drive D to Cdrom0
00:41:01 M:122331136  NOTICE:   map extended drive F:
00:41:01 M:122331136  NOTICE: Mapping drive F to Harddisk0\Partition6
00:41:04 M:122331136  NOTICE:   map extended drive G:
00:41:04 M:122331136  NOTICE: Mapping drive G to Harddisk0\Partition7
00:41:04 M:122331136  NOTICE: Mapping drive X to Harddisk0\Partition3
00:41:04 M:122331136  NOTICE: Mapping drive Y to Harddisk0\Partition4
00:41:04 M:122331136  NOTICE: Unmapped drive Z
00:41:04 M:122331136  NOTICE: Mapping drive Z to Harddisk0\Partition5
00:41:04 M:122331136  NOTICE: load settings...
00:41:04 M:122331136  NOTICE: Mapping drive P to Harddisk0\Partition1\APPS\XBMC\UserData\
00:41:04 M:122331136  NOTICE: special://profile/ is mapped to: special://masterprofile/
00:41:04 M:122331136  NOTICE: loading special://masterprofile/guisettings.xml
00:41:04 M:121925632  NOTICE: Getting hardware information now...
00:41:04 M:121925632  NOTICE: Checking resolution 1
00:41:04 M:121917440  NOTICE: Loading player core factory settings from special://xbmc/system/playercorefactory.xml.
00:41:04 M:121896960  NOTICE: Loaded playercorefactory configuration
00:41:04 M:121876480  NOTICE: Loading player core factory settings from special://masterprofile/playercorefactory.xml.
00:41:04 M:121876480  NOTICE: special://masterprofile/playercorefactory.xml does not exist. Skipping.
00:41:04 M:121876480  NOTICE: No advancedsettings.xml to load (special://masterprofile/advancedsettings.xml)
00:41:04 M:121876480  NOTICE: Default Video Player: dvdplayer
00:41:04 M:121876480  NOTICE: Default Audio Player: paplayer
00:41:04 M:121876480  NOTICE: Per AV pack settings are off
00:41:04 M:122220544  NOTICE: special://masterprofile/sources.xml
00:41:05 M:113565696  NOTICE: Network: Using DHCP IP settings
00:41:05 M:113246208  NOTICE: Using idle thread with HLT (power saving)
00:41:05 M:113233920  NOTICE: Checking the Date!
00:41:05 M:113233920  NOTICE: start dvd mediatype detection
00:41:05 M:113168384  NOTICE: initializing playlistplayer
00:41:05 M:113168384  NOTICE: DONE initializing playlistplayer
00:41:05 M:113160192  NOTICE: load default skin:[Confluence Lite]
00:41:06 M:107462656  NOTICE: initialize done
00:41:06 M:107462656  NOTICE: Running the application...
00:41:06 M:103931904 WARNING: old getenv from python.lib called, library check needed
Previous line repeats 3 times.
00:41:07 M:103948288 WARNING: start timeserver client
00:41:07 M:103882752  NOTICE: Webserver: Starting...
00:41:07 M:103673856  NOTICE: Webserver: Started
00:41:07 M:103739392  NOTICE: XBFileZilla: Starting...
00:41:07 M:103673856  NOTICE: ES: Starting event server
00:41:07 M:103137280  NOTICE: ES: Starting UDP Event server on 0.0.0.0:9777
00:41:07 M:103071744  NOTICE: UDP: Listening on port 9777
00:41:08 M:102154240  NOTICE: XBFileZilla: Started
00:46:57 M:100212736 WARNING: XFILE::CVideoDatabaseDirectory::GetLabel - Unknown nodetype requested 6
00:46:59 M: 94773248  NOTICE: -->Python Initialized<--
00:47:01 M: 91398144  NOTICE: Dictionary: {}
00:47:01 M: 99360768 WARNING: XFILE::CVideoDatabaseDirectory::GetLabel - Unknown nodetype requested 0
00:47:03 M: 95219712  NOTICE: -->Python Initialized<--
00:47:05 M: 88289280  NOTICE: Dictionary: {'f': 'popular'}
00:47:05 M: 88866816 WARNING: XFILE::CVideoDatabaseDirectory::GetLabel - Unknown nodetype requested 0
Previous line repeats 1 times.
00:48:56 M:100130816 WARNING: XFILE::CVideoDatabaseDirectory::GetLabel - Unknown nodetype requested 6
00:48:57 M: 94953472  NOTICE: -->Python Initialized<--
00:48:59 M: 88076288  NOTICE: Dictionary: {}
00:48:59 M: 88666112 WARNING: XFILE::CVideoDatabaseDirectory::GetLabel - Unknown nodetype requested 0
00:49:01 M: 94658560  NOTICE: -->Python Initialized<--
00:49:02 M: 88272896  NOTICE: Dictionary: {'f': 'popular'}
00:49:02 M: 88862720 WARNING: XFILE::CVideoDatabaseDirectory::GetLabel - Unknown nodetype requested 0
Previous line repeats 1 times.
00:50:25 M:100106240 WARNING: XFILE::CVideoDatabaseDirectory::GetLabel - Unknown nodetype requested 6
00:50:27 M: 94924800  NOTICE: -->Python Initialized<--
00:50:28 M: 88035328  NOTICE: Dictionary: {}
00:50:28 M: 88625152 WARNING: XFILE::CVideoDatabaseDirectory::GetLabel - Unknown nodetype requested 0
00:50:30 M: 94642176  NOTICE: -->Python Initialized<--
00:50:31 M: 88260608  NOTICE: Dictionary: {'f': 'popular'}
00:50:32 M: 88850432 WARNING: XFILE::CVideoDatabaseDirectory::GetLabel - Unknown nodetype requested 0
Previous line repeats 1 times.
00:50:49 M: 95297536 WARNING: -->Python Initialized<--
00:50:51 M: 88395776  NOTICE: Dictionary: {'f': 'popular'}
00:50:51 M: 92385280 WARNING: XFILE::CVideoDatabaseDirectory::GetLabel - Unknown nodetype requested 0
Previous line repeats 1 times.
00:51:06 M: 95141888 WARNING: -->Python Initialized<--
00:51:08 M: 88248320  NOTICE: Dictionary: {'f': 'popular'}
00:51:08 M: 99389440 WARNING: XFILE::CVideoDatabaseDirectory::GetLabel - Unknown nodetype requested 0
Previous line repeats 1 times.
00:51:10 M: 99557376 WARNING: XFILE::CVideoDatabaseDirectory::GetLabel - Unknown nodetype requested 6
00:51:23 M: 95096832  NOTICE: -->Python Initialized<--
00:51:25 M: 88256512  NOTICE: Q:\plugins\video\YouTube
00:51:25 M: 88264704  NOTICE: Dictionary: {}
00:51:25 M: 99512320 WARNING: XFILE::CVideoDatabaseDirectory::GetLabel - Unknown nodetype requested 0
00:51:27 M: 94801920  NOTICE: -->Python Initialized<--
00:51:28 M: 87928832  NOTICE: Q:\plugins\video\YouTube
00:51:28 M: 87928832  NOTICE: Dictionary: {'f': 'popular'}
00:51:29 M: 92143616 WARNING: XFILE::CVideoDatabaseDirectory::GetLabel - Unknown nodetype requested 0
Previous line repeats 1 times.
00:52:35 M: 94806016 WARNING: -->Python Initialized<--
00:52:37 M: 87937024  NOTICE: Q:\plugins\video\YouTube
00:52:37 M: 87937024  NOTICE: Dictionary: {'f': 'popular'}
00:52:37 M: 92037120 WARNING: XFILE::CVideoDatabaseDirectory::GetLabel - Unknown nodetype requested 0
Previous line repeats 1 times.
00:52:40 M: 99246080 WARNING: XFILE::CVideoDatabaseDirectory::GetLabel - Unknown nodetype requested 6
00:52:42 M: 94081024  NOTICE: -->Python Initialized<--
00:52:43 M: 87228416  NOTICE: Q:\plugins\video\YouTube
00:52:43 M: 87228416  NOTICE: Dictionary: {}
00:52:43 M: 87818240 WARNING: XFILE::CVideoDatabaseDirectory::GetLabel - Unknown nodetype requested 0
00:52:45 M: 94322688  NOTICE: -->Python Initialized<--
00:52:46 M: 87449600  NOTICE: Q:\plugins\video\YouTube
00:52:46 M: 87449600  NOTICE: Dictionary: {'f': 'popular'}
00:52:47 M: 91631616 WARNING: XFILE::CVideoDatabaseDirectory::GetLabel - Unknown nodetype requested 0
Previous line repeats 1 times.
00:54:01 M: 99270656 WARNING: XFILE::CVideoDatabaseDirectory::GetLabel - Unknown nodetype requested 6
00:54:02 M: 94109696  NOTICE: -->Python Initialized<--
00:54:04 M: 87257088  NOTICE: Q:\plugins\video\YouTube
00:54:04 M: 87265280   ERROR: Error Type: <type 'exceptions.NameError'>
00:54:04 M: 87265280   ERROR: Error Contents: name 'srt' is not defined
00:54:04 M: 87265280   ERROR: Traceback (most recent call last):
                                              File "Q:\plugins\video\YouTube\default.py", line 1, in <module>
                                                import resources.lib.index
                                              File "Q:\plugins\video\YouTube\resources\lib\index.py", line 3, in <module>
                                                import api
                                              File "Q:\plugins\video\YouTube\resources\lib\api.py", line 5, in <module>
                                                import invidious
                                              File "Q:\plugins\video\YouTube\resources\lib\invidious.py", line 8, in <module>
                                                print(srt(s_settings_.getSetting("gateway")))
                                            NameError: name 'srt' is not defined
00:54:04 M: 98099200   ERROR: XFILE::CDirectory::GetDirectory - Error getting plugin://video/YouTube/
00:54:04 M: 98099200   ERROR: CGUIMediaWindow::GetDirectory(plugin://video/YouTube/) failed
00:54:04 M: 98172928 WARNING: XFILE::CVideoDatabaseDirectory::GetLabel - Unknown nodetype requested 6
00:54:19 M: 94609408  NOTICE: -->Python Initialized<--
00:54:21 M: 87769088  NOTICE: Q:\plugins\video\YouTube
00:54:21 M: 87777280   ERROR: Error Type: <type 'exceptions.NameError'>
00:54:21 M: 87777280   ERROR: Error Contents: name 'srt' is not defined
00:54:21 M: 87773184   ERROR: Traceback (most recent call last):
                                              File "Q:\plugins\video\YouTube\default.py", line 1, in <module>
                                                import resources.lib.index
                                              File "Q:\plugins\video\YouTube\resources\lib\index.py", line 3, in <module>
                                                import api
                                              File "Q:\plugins\video\YouTube\resources\lib\api.py", line 5, in <module>
                                                import invidious
                                              File "Q:\plugins\video\YouTube\resources\lib\invidious.py", line 8, in <module>
                                                print(srt(_settings_.getSetting("gateway")))
                                            NameError: name 'srt' is not defined
00:54:21 M: 98615296   ERROR: XFILE::CDirectory::GetDirectory - Error getting plugin://video/YouTube/
00:54:21 M: 98615296   ERROR: CGUIMediaWindow::GetDirectory(plugin://video/YouTube/) failed
00:54:21 M: 98689024 WARNING: XFILE::CVideoDatabaseDirectory::GetLabel - Unknown nodetype requested 6
00:54:46 M: 94613504  NOTICE: -->Python Initialized<--
00:54:47 M: 87760896  NOTICE: Q:\plugins\video\YouTube
00:54:47 M: 87760896  NOTICE: Dictionary: {}
00:54:48 M: 88354816 WARNING: XFILE::CVideoDatabaseDirectory::GetLabel - Unknown nodetype requested 0
00:54:49 M: 94347264  NOTICE: -->Python Initialized<--
00:54:50 M: 87511040  NOTICE: Q:\plugins\video\YouTube
00:54:50 M: 87511040  NOTICE: Dictionary: {'f': 'popular'}
00:54:51 M: 91791360 WARNING: XFILE::CVideoDatabaseDirectory::GetLabel - Unknown nodetype requested 0
Previous line repeats 1 times.
00:55:19 M: 99221504 WARNING: XFILE::CVideoDatabaseDirectory::GetLabel - Unknown nodetype requested 6
00:55:21 M: 94064640  NOTICE: -->Python Initialized<--
00:55:22 M: 87207936  NOTICE: Q:\plugins\video\YouTube
00:55:22 M: 87207936  NOTICE: Dictionary: {}
00:55:23 M: 87805952 WARNING: XFILE::CVideoDatabaseDirectory::GetLabel - Unknown nodetype requested 0
00:55:24 M: 93794304  NOTICE: -->Python Initialized<--
00:55:25 M: 87457792  NOTICE: Q:\plugins\video\YouTube
00:55:26 M: 87457792  NOTICE: Dictionary: {'f': 'popular'}
00:55:26 M: 91676672 WARNING: XFILE::CVideoDatabaseDirectory::GetLabel - Unknown nodetype requested 0
Previous line repeats 1 times.
00:55:29 M: 98168832 WARNING: XFILE::CVideoDatabaseDirectory::GetLabel - Unknown nodetype requested 6
Previous line repeats 1 times.
00:56:30 M: 94445568 WARNING: -->Python Initialized<--
00:56:31 M: 87609344  NOTICE: Q:\plugins\video\YouTube
00:56:32 M: 87621632  NOTICE: Dictionary: {}
00:56:32 M: 98861056 WARNING: XFILE::CVideoDatabaseDirectory::GetLabel - Unknown nodetype requested 0
00:56:34 M: 94183424  NOTICE: -->Python Initialized<--
00:56:36 M: 87351296  NOTICE: Q:\plugins\video\YouTube
00:56:36 M: 87351296  NOTICE: Dictionary: {'f': 'popular'}
00:56:36 M: 91561984 WARNING: XFILE::CVideoDatabaseDirectory::GetLabel - Unknown nodetype requested 0
Previous line repeats 1 times.
00:57:36 M: 98955264 WARNING: XFILE::CVideoDatabaseDirectory::GetLabel - Unknown nodetype requested 6
00:58:01 M: 94318592  NOTICE: -->Python Initialized<--
00:58:03 M: 87474176  NOTICE: Q:\plugins\video\YouTube
00:58:03 M: 87474176  NOTICE: Q:\plugins\video\YouTube
00:58:03 M: 87474176  NOTICE: Dictionary: {}
00:58:03 M: 98738176 WARNING: XFILE::CVideoDatabaseDirectory::GetLabel - Unknown nodetype requested 0
00:58:07 M: 94195712  NOTICE: -->Python Initialized<--
00:58:08 M: 87359488  NOTICE: Q:\plugins\video\YouTube
00:58:08 M: 87359488  NOTICE: Q:\plugins\video\YouTube
00:58:08 M: 87359488  NOTICE: Dictionary: {'f': 'popular'}
00:58:09 M: 91447296 WARNING: XFILE::CVideoDatabaseDirectory::GetLabel - Unknown nodetype requested 0
Previous line repeats 1 times.
00:59:20 M: 98844672 WARNING: XFILE::CVideoDatabaseDirectory::GetLabel - Unknown nodetype requested 6
00:59:22 M: 93691904  NOTICE: -->Python Initialized<--
00:59:23 M: 86851584  NOTICE: Q:\plugins\video\YouTube
00:59:23 M: 86851584  NOTICE: Q:\plugins\video\YouTube
00:59:23 M: 86851584  NOTICE: 0
00:59:23 M: 86855680  NOTICE: Dictionary: {}
00:59:23 M: 98111488 WARNING: XFILE::CVideoDatabaseDirectory::GetLabel - Unknown nodetype requested 0
00:59:26 M: 93945856  NOTICE: -->Python Initialized<--
00:59:27 M: 87109632  NOTICE: Q:\plugins\video\YouTube
00:59:27 M: 87109632  NOTICE: Q:\plugins\video\YouTube
00:59:27 M: 87109632  NOTICE: 0
00:59:27 M: 87109632  NOTICE: Dictionary: {'f': 'popular'}
00:59:27 M: 91336704 WARNING: XFILE::CVideoDatabaseDirectory::GetLabel - Unknown nodetype requested 0
Previous line repeats 1 times.
01:00:24 M: 98750464 WARNING: XFILE::CVideoDatabaseDirectory::GetLabel - Unknown nodetype requested 6
01:00:26 M: 93577216  NOTICE: -->Python Initialized<--
01:00:27 M: 86732800  NOTICE: Q:\plugins\video\YouTube
01:00:27 M: 86732800  NOTICE: Q:\plugins\video\YouTube
01:00:27 M: 86732800  NOTICE: 0
01:00:27 M: 86745088  NOTICE: Dictionary: {}
01:00:28 M: 98004992 WARNING: XFILE::CVideoDatabaseDirectory::GetLabel - Unknown nodetype requested 0
01:00:29 M: 93835264  NOTICE: -->Python Initialized<--
01:00:31 M: 86999040  NOTICE: Q:\plugins\video\YouTube
01:00:31 M: 86999040  NOTICE: Q:\plugins\video\YouTube
01:00:31 M: 86999040  NOTICE: 0
01:00:31 M: 86999040  NOTICE: Dictionary: {'f': 'popular'}
01:00:31 M: 91222016 WARNING: XFILE::CVideoDatabaseDirectory::GetLabel - Unknown nodetype requested 0
Previous line repeats 1 times.
01:03:08 M: 98639872 WARNING: XFILE::CVideoDatabaseDirectory::GetLabel - Unknown nodetype requested 6
01:03:14 M: 98197504   ERROR: Python script "my.addon.id" does not exist
01:03:21 M: 98762752 WARNING: XFILE::CVideoDatabaseDirectory::GetLabel - Unknown nodetype requested 6
01:03:22 M: 94003200  NOTICE: -->Python Initialized<--
01:03:24 M: 87150592  NOTICE: Q:\plugins\video\YouTube
01:03:24 M: 87150592  NOTICE: Q:\plugins\video\YouTube
01:03:24 M: 87150592  NOTICE: US
01:03:24 M: 87150592  NOTICE: Dictionary: {}
01:03:24 M: 87748608 WARNING: XFILE::CVideoDatabaseDirectory::GetLabel - Unknown nodetype requested 0
01:03:26 M: 93732864  NOTICE: -->Python Initialized<--
01:03:27 M: 86888448  NOTICE: Q:\plugins\video\YouTube
01:03:27 M: 86888448  NOTICE: Q:\plugins\video\YouTube
01:03:27 M: 86888448  NOTICE: US
01:03:27 M: 86888448  NOTICE: Dictionary: {'f': 'popular'}
01:03:28 M: 91095040 WARNING: XFILE::CVideoDatabaseDirectory::GetLabel - Unknown nodetype requested 0
Previous line repeats 1 times.
01:04:26 M: 98504704 WARNING: XFILE::CVideoDatabaseDirectory::GetLabel - Unknown nodetype requested 6
01:04:28 M: 93331456  NOTICE: -->Python Initialized<--
01:04:29 M: 86482944  NOTICE: Q:\plugins\video\YouTube
01:04:29 M: 86482944  NOTICE: Q:\plugins\video\YouTube
01:04:29 M: 86482944  NOTICE: Dictionary: {}
01:04:29 M: 87080960 WARNING: XFILE::CVideoDatabaseDirectory::GetLabel - Unknown nodetype requested 0
01:04:31 M: 98353152 WARNING: XFILE::CVideoDatabaseDirectory::GetLabel - Unknown nodetype requested 6
01:04:33 M: 93851648  NOTICE: -->Python Initialized<--
01:04:34 M: 87015424  NOTICE: Q:\plugins\video\YouTube
01:04:34 M: 87015424  NOTICE: Q:\plugins\video\YouTube
01:04:34 M: 87015424  NOTICE: Dictionary: {}
01:04:34 M: 87613440 WARNING: XFILE::CVideoDatabaseDirectory::GetLabel - Unknown nodetype requested 0
01:04:36 M: 93597696  NOTICE: -->Python Initialized<--
01:04:37 M: 86736896  NOTICE: Q:\plugins\video\YouTube
01:04:37 M: 86736896  NOTICE: Q:\plugins\video\YouTube
01:04:37 M: 86736896  NOTICE: Dictionary: {'f': 'popular'}
01:04:38 M: 90976256 WARNING: XFILE::CVideoDatabaseDirectory::GetLabel - Unknown nodetype requested 0
Previous line repeats 1 times.
01:05:57 M: 98361344 WARNING: XFILE::CVideoDatabaseDirectory::GetLabel - Unknown nodetype requested 6
01:05:59 M: 93192192  NOTICE: -->Python Initialized<--
01:06:00 M: 86376448  NOTICE: Q:\plugins\video\YouTube
01:06:00 M: 86376448  NOTICE: Q:\plugins\video\YouTube
01:06:00 M: 86376448  NOTICE: US360pmp4relevancenewest
01:06:00 M: 89718784  NOTICE: Dictionary: {}
01:06:01 M: 97632256 WARNING: XFILE::CVideoDatabaseDirectory::GetLabel - Unknown nodetype requested 0
01:06:02 M: 93458432  NOTICE: -->Python Initialized<--
01:06:04 M: 86605824  NOTICE: Q:\plugins\video\YouTube
01:06:04 M: 86605824  NOTICE: Q:\plugins\video\YouTube
01:06:04 M: 86605824  NOTICE: US360pmp4relevancenewest
01:06:04 M: 86605824  NOTICE: Dictionary: {'f': 'popular'}
01:06:04 M: 90857472 WARNING: XFILE::CVideoDatabaseDirectory::GetLabel - Unknown nodetype requested 0
Previous line repeats 1 times.
01:06:06 M: 98250752 WARNING: XFILE::CVideoDatabaseDirectory::GetLabel - Unknown nodetype requested 6
01:07:42 M: 93339648  NOTICE: -->Python Initialized<--
01:07:43 M: 86478848  NOTICE: Q:\plugins\video\YouTube
01:07:43 M: 86478848  NOTICE: Q:\plugins\video\YouTube
01:07:43 M: 86478848  NOTICE: US360pmp4relevancenewest
01:07:43 M: 86491136  NOTICE: Dictionary: {}
01:07:44 M: 98033664 WARNING: XFILE::CVideoDatabaseDirectory::GetLabel - Unknown nodetype requested 0
01:07:46 M: 93343744  NOTICE: -->Python Initialized<--
01:07:47 M: 86482944  NOTICE: Q:\plugins\video\YouTube
01:07:47 M: 86482944  NOTICE: Q:\plugins\video\YouTube
01:07:47 M: 86482944  NOTICE: US360pmp4relevancenewest
01:07:47 M: 86482944  NOTICE: Dictionary: {'f': 'popular'}
01:07:48 M: 90746880 WARNING: XFILE::CVideoDatabaseDirectory::GetLabel - Unknown nodetype requested 0
Previous line repeats 1 times.
01:07:49 M: 98115584 WARNING: XFILE::CVideoDatabaseDirectory::GetLabel - Unknown nodetype requested 6
01:08:52 M: 93478912  NOTICE: -->Python Initialized<--
01:08:53 M: 86642688  NOTICE: US360pmp4relevancenewest
01:08:53 M: 86642688  NOTICE: Dictionary: {}
01:08:54 M: 97910784 WARNING: XFILE::CVideoDatabaseDirectory::GetLabel - Unknown nodetype requested 0
01:08:59 M: 93368320  NOTICE: -->Python Initialized<--
01:09:00 M: 86519808  NOTICE: US360pmp4relevancenewest
01:09:00 M: 86519808  NOTICE: Dictionary: {'f': 'popular'}
01:09:01 M: 90632192 WARNING: XFILE::CVideoDatabaseDirectory::GetLabel - Unknown nodetype requested 0
Previous line repeats 1 times.
01:09:04 M: 97988608 WARNING: XFILE::CVideoDatabaseDirectory::GetLabel - Unknown nodetype requested 6
01:11:57 M: 93356032  NOTICE: -->Python Initialized<--
01:11:58 M: 86503424  NOTICE: US360pmp4relevancenewest
01:11:58 M: 86503424  NOTICE: Dictionary: {}
01:11:59 M: 87101440 WARNING: XFILE::CVideoDatabaseDirectory::GetLabel - Unknown nodetype requested 0
01:12:26 M: 93229056  NOTICE: -->Python Initialized<--
01:12:28 M: 86421504  NOTICE: http://:
01:12:28 M: 89833472  NOTICE: US360pmp4relevancenewest
01:12:28 M: 89763840  NOTICE: Dictionary: {'f': 'popular'}
01:12:28 M: 97644544 WARNING: XFILE::CVideoDatabaseDirectory::GetLabel - Unknown nodetype requested 0
Previous line repeats 1 times.
01:16:07 M: 97976320 WARNING: XFILE::CVideoDatabaseDirectory::GetLabel - Unknown nodetype requested 6
01:16:08 M: 92823552  NOTICE: -->Python Initialized<--
01:16:10 M: 85995520   ERROR: Error Type: <type 'exceptions.NameError'>
01:16:10 M: 85995520   ERROR: Error Contents: name 'sys' is not defined
01:16:10 M: 85995520   ERROR: Traceback (most recent call last):
                                              File "Q:\plugins\video\YouTube\default.py", line 1, in <module>
                                                import resources.lib.index
                                              File "Q:\plugins\video\YouTube\resources\lib\index.py", line 3, in <module>
                                                import api
                                              File "Q:\plugins\video\YouTube\resources\lib\api.py", line 5, in <module>
                                                import invidious
                                              File "Q:\plugins\video\YouTube\resources\lib\invidious.py", line 15, in <module>
                                                print(xbmcplugin.getSetting(sys.argv[1]), 'port')
                                            NameError: name 'sys' is not defined
01:16:10 M: 96837632   ERROR: XFILE::CDirectory::GetDirectory - Error getting plugin://video/YouTube/
01:16:10 M: 96837632   ERROR: CGUIMediaWindow::GetDirectory(plugin://video/YouTube/) failed
01:16:10 M: 96911360 WARNING: XFILE::CVideoDatabaseDirectory::GetLabel - Unknown nodetype requested 6
Previous line repeats 1 times.
01:16:38 M: 93347840 WARNING: -->Python Initialized<--
01:16:40 M: 86511616  NOTICE: ('', 'port')
01:16:40 M: 86511616  NOTICE: US360pmp4relevancenewest
01:16:40 M: 86523904  NOTICE: Dictionary: {}
01:16:40 M: 97767424 WARNING: XFILE::CVideoDatabaseDirectory::GetLabel - Unknown nodetype requested 0
01:16:45 M: 93212672  NOTICE: -->Python Initialized<--
01:16:46 M: 86376448  NOTICE: ('', 'port')
01:16:46 M: 86376448  NOTICE: US360pmp4relevancenewest
01:16:46 M: 86376448  NOTICE: Dictionary: {'f': 'popular'}
01:16:46 M: 86953984 WARNING: XFILE::CVideoDatabaseDirectory::GetLabel - Unknown nodetype requested 0
Previous line repeats 1 times.
01:16:48 M: 97972224 WARNING: XFILE::CVideoDatabaseDirectory::GetLabel - Unknown nodetype requested 6
Previous line repeats 1 times.
01:17:55 M: 93339648 WARNING: -->Python Initialized<--
01:17:56 M: 86507520   ERROR: Error Type: <type 'exceptions.SyntaxError'>
01:17:56 M: 86507520   ERROR: Error Contents: ('invalid syntax', ('Q:\\plugins\\video\\YouTube\\resources\\lib\\invidious.py', 16, 5, 'print(REGION + RESOLUTION + CONTAINER + search_order + channel_sort)\n'))
01:17:56 M: 86507520   ERROR: Traceback (most recent call last):
                                              File "Q:\plugins\video\YouTube\default.py", line 1, in <module>
                                                import resources.lib.index
                                              File "Q:\plugins\video\YouTube\resources\lib\index.py", line 3, in <module>
                                                import api
                                              File "Q:\plugins\video\YouTube\resources\lib\api.py", line 5, in <module>
                                                import invidious
                                            SyntaxError: ('invalid syntax', ('Q:\\plugins\\video\\YouTube\\resources\\lib\\invidious.py', 16, 5, 'print(REGION + RESOLUTION + CONTAINER + search_order + channel_sort)\n'))
01:17:57 M: 97353728   ERROR: XFILE::CDirectory::GetDirectory - Error getting plugin://video/YouTube/
01:17:57 M: 97353728   ERROR: CGUIMediaWindow::GetDirectory(plugin://video/YouTube/) failed
01:17:57 M: 97427456 WARNING: XFILE::CVideoDatabaseDirectory::GetLabel - Unknown nodetype requested 6
01:18:06 M: 93331456  NOTICE: -->Python Initialized<--
01:18:08 M: 86523904   ERROR: Error Type: <type 'exceptions.SyntaxError'>
01:18:08 M: 86523904   ERROR: Error Contents: ('invalid syntax', ('Q:\\plugins\\video\\YouTube\\resources\\lib\\invidious.py', 16, 5, 'print(REGION + RESOLUTION + CONTAINER + search_order + channel_sort)\n'))
01:18:08 M: 86523904   ERROR: Traceback (most recent call last):
                                              File "Q:\plugins\video\YouTube\default.py", line 1, in <module>
                                                import resources.lib.index
                                              File "Q:\plugins\video\YouTube\resources\lib\index.py", line 3, in <module>
                                                import api
                                              File "Q:\plugins\video\YouTube\resources\lib\api.py", line 5, in <module>
                                                import invidious
                                            SyntaxError: ('invalid syntax', ('Q:\\plugins\\video\\YouTube\\resources\\lib\\invidious.py', 16, 5, 'print(REGION + RESOLUTION + CONTAINER + search_order + channel_sort)\n'))
01:18:08 M: 97349632   ERROR: XFILE::CDirectory::GetDirectory - Error getting plugin://video/YouTube/
01:18:08 M: 97349632   ERROR: CGUIMediaWindow::GetDirectory(plugin://video/YouTube/) failed
01:18:08 M: 97423360 WARNING: XFILE::CVideoDatabaseDirectory::GetLabel - Unknown nodetype requested 6
01:21:30 M: 93335552  NOTICE: -->Python Initialized<--
01:21:32 M: 86511616  NOTICE: US360pmp4relevancenewest
01:21:32 M: 89935872  NOTICE: Dictionary: {}
01:21:32 M: 97751040 WARNING: XFILE::CVideoDatabaseDirectory::GetLabel - Unknown nodetype requested 0
01:21:35 M: 93057024  NOTICE: -->Python Initialized<--
01:21:36 M: 86228992  NOTICE: US360pmp4relevancenewest
01:21:36 M: 86228992  NOTICE: Dictionary: {'f': 'popular'}
01:21:37 M: 90484736 WARNING: XFILE::CVideoDatabaseDirectory::GetLabel - Unknown nodetype requested 0
Previous line repeats 1 times.
01:21:39 M: 97873920 WARNING: XFILE::CVideoDatabaseDirectory::GetLabel - Unknown nodetype requested 6
Previous line repeats 1 times.
01:23:59 M: 93220864 WARNING: -->Python Initialized<--
01:24:00 M: 86396928  NOTICE: US360pmp4relevancenewest
01:24:00 M: 86396928  NOTICE: Dictionary: {}
01:24:00 M: 86994944 WARNING: XFILE::CVideoDatabaseDirectory::GetLabel - Unknown nodetype requested 0
01:24:02 M: 92942336  NOTICE: -->Python Initialized<--
01:24:03 M: 86114304  NOTICE: US360pmp4relevancenewest
01:24:03 M: 86114304  NOTICE: Dictionary: {'f': 'popular'}
01:24:05 M: 90370048 WARNING: XFILE::CVideoDatabaseDirectory::GetLabel - Unknown nodetype requested 0
Previous line repeats 1 times.
01:27:25 M: 97755136 WARNING: XFILE::CVideoDatabaseDirectory::GetLabel - Unknown nodetype requested 6
01:27:26 M: 92319744  NOTICE: -->Python Initialized<--
01:27:28 M: 85491712   ERROR: Error Type: <type 'exceptions.TypeError'>
01:27:28 M: 85491712   ERROR: Error Contents: function takes at most 1 argument (2 given)
01:27:28 M: 85491712   ERROR: Traceback (most recent call last):
                                              File "Q:\plugins\video\YouTube\default.py", line 1, in <module>
                                                import resources.lib.index
                                              File "Q:\plugins\video\YouTube\resources\lib\index.py", line 3, in <module>
                                                import api
                                              File "Q:\plugins\video\YouTube\resources\lib\api.py", line 5, in <module>
                                                import invidious
                                              File "Q:\plugins\video\YouTube\resources\lib\invidious.py", line 17, in <module>
                                                print(xbmcplugin.getSetting(sys.argv[1], 'region'))
                                            TypeError: function takes at most 1 argument (2 given)
01:27:28 M: 96600064   ERROR: XFILE::CDirectory::GetDirectory - Error getting plugin://video/YouTube/
01:27:28 M: 96600064   ERROR: CGUIMediaWindow::GetDirectory(plugin://video/YouTube/) failed
01:27:28 M: 96677888 WARNING: XFILE::CVideoDatabaseDirectory::GetLabel - Unknown nodetype requested 6
01:28:11 M: 93106176  NOTICE: -->Python Initialized<--
01:28:13 M: 86253568  NOTICE: 0
01:28:13 M: 86253568  NOTICE: Dictionary: {}
01:28:13 M: 86851584 WARNING: XFILE::CVideoDatabaseDirectory::GetLabel - Unknown nodetype requested 0
01:28:14 M: 97599488 WARNING: XFILE::CVideoDatabaseDirectory::GetLabel - Unknown nodetype requested 6
01:28:15 M: 93106176  NOTICE: -->Python Initialized<--
01:28:17 M: 86253568  NOTICE: 0
01:28:17 M: 86253568  NOTICE: Dictionary: {}
01:28:17 M: 86851584 WARNING: XFILE::CVideoDatabaseDirectory::GetLabel - Unknown nodetype requested 0
01:28:18 M: 92827648  NOTICE: -->Python Initialized<--
01:28:20 M: 85987328  NOTICE: 0
01:28:20 M: 85987328  NOTICE: Dictionary: {'f': 'popular'}
01:28:20 M: 90251264 WARNING: XFILE::CVideoDatabaseDirectory::GetLabel - Unknown nodetype requested 0
Previous line repeats 1 times.
01:28:22 M: 97644544 WARNING: XFILE::CVideoDatabaseDirectory::GetLabel - Unknown nodetype requested 6
01:28:52 M: 93011968  NOTICE: -->Python Initialized<--
01:28:54 M: 86171648  NOTICE: 9007
01:28:54 M: 86171648  NOTICE: Dictionary: {}
01:28:54 M: 86769664 WARNING: XFILE::CVideoDatabaseDirectory::GetLabel - Unknown nodetype requested 0
01:28:56 M: 92737536  NOTICE: -->Python Initialized<--
01:28:58 M: 85897216  NOTICE: 9007
01:28:58 M: 85897216  NOTICE: Dictionary: {'f': 'popular'}
01:28:58 M: 90136576 WARNING: XFILE::CVideoDatabaseDirectory::GetLabel - Unknown nodetype requested 0
Previous line repeats 1 times.
01:29:01 M: 97513472 WARNING: XFILE::CVideoDatabaseDirectory::GetLabel - Unknown nodetype requested 6
Previous line repeats 1 times.
01:30:45 M: 92909568 WARNING: -->Python Initialized<--
01:30:47 M: 86069248  NOTICE: US360pmp4relevancenewest
01:30:47 M: 86069248  NOTICE: Dictionary: {}
01:30:47 M: 86667264 WARNING: XFILE::CVideoDatabaseDirectory::GetLabel - Unknown nodetype requested 0
01:30:49 M: 92618752  NOTICE: -->Python Initialized<--
01:30:50 M: 85770240  NOTICE: US360pmp4relevancenewest
01:30:50 M: 85770240  NOTICE: Dictionary: {'f': 'popular'}
01:30:51 M: 90013696 WARNING: XFILE::CVideoDatabaseDirectory::GetLabel - Unknown nodetype requested 0
Previous line repeats 1 times.
01:32:40 M: 97390592 WARNING: XFILE::CVideoDatabaseDirectory::GetLabel - Unknown nodetype requested 6
01:32:42 M: 92254208  NOTICE: -->Python Initialized<--
01:32:43 M: 85413888  NOTICE: 9005
01:32:43 M: 85413888  NOTICE: 00000
01:32:43 M: 85413888  NOTICE: Dictionary: {}
01:32:44 M: 86007808 WARNING: XFILE::CVideoDatabaseDirectory::GetLabel - Unknown nodetype requested 0
01:32:45 M: 91971584  NOTICE: -->Python Initialized<--
01:32:46 M: 85643264  NOTICE: 9005
01:32:46 M: 85643264  NOTICE: 00000
01:32:46 M: 85647360  NOTICE: Dictionary: {'f': 'popular'}
01:32:47 M: 89911296 WARNING: XFILE::CVideoDatabaseDirectory::GetLabel - Unknown nodetype requested 0
Previous line repeats 1 times.
01:33:42 M: 97320960 WARNING: XFILE::CVideoDatabaseDirectory::GetLabel - Unknown nodetype requested 6
01:33:43 M: 92168192  NOTICE: -->Python Initialized<--
01:33:45 M: 85319680  NOTICE: http://192.168.0.18:9005
01:33:45 M: 85319680  NOTICE: 00000
01:33:45 M: 85319680  NOTICE: Dictionary: {}
01:33:45 M: 85917696 WARNING: XFILE::CVideoDatabaseDirectory::GetLabel - Unknown nodetype requested 0
01:33:46 M: 91889664  NOTICE: -->Python Initialized<--
01:33:48 M: 85561344  NOTICE: http://192.168.0.18:9005
01:33:48 M: 85561344  NOTICE: 00000
01:33:48 M: 85561344  NOTICE: Dictionary: {'f': 'popular'}
01:33:48 M: 89796608 WARNING: XFILE::CVideoDatabaseDirectory::GetLabel - Unknown nodetype requested 0
Previous line repeats 1 times.
01:36:05 M: 97193984 WARNING: XFILE::CVideoDatabaseDirectory::GetLabel - Unknown nodetype requested 6
Previous line repeats 1 times.
01:37:20 M: 92573696 WARNING: -->Python Initialized<--
01:37:21 M: 85745664  NOTICE: Dictionary: {}
01:37:22 M: 96985088 WARNING: XFILE::CVideoDatabaseDirectory::GetLabel - Unknown nodetype requested 0
01:37:23 M: 92303360  NOTICE: -->Python Initialized<--
01:37:25 M: 85471232  NOTICE: Dictionary: {'f': 'popular'}
01:37:25 M: 86052864 WARNING: XFILE::CVideoDatabaseDirectory::GetLabel - Unknown nodetype requested 0
Previous line repeats 1 times.
01:37:46 M: 97193984 WARNING: XFILE::CVideoDatabaseDirectory::GetLabel - Unknown nodetype requested 6
01:37:48 M: 92041216  NOTICE: -->Python Initialized<--
01:37:49 M: 85213184  NOTICE: http://192.168.0.18:9005
01:37:49 M: 85213184  NOTICE: US360pmp4relevancenewest
01:37:49 M: 85213184  NOTICE: Dictionary: {}
01:37:49 M: 85811200 WARNING: XFILE::CVideoDatabaseDirectory::GetLabel - Unknown nodetype requested 0
01:37:51 M: 91762688  NOTICE: -->Python Initialized<--
01:37:52 M: 85446656  NOTICE: http://192.168.0.18:9005
01:37:52 M: 85446656  NOTICE: US360pmp4relevancenewest
01:37:52 M: 85446656  NOTICE: Dictionary: {'f': 'popular'}
01:37:52 M: 86028288 WARNING: XFILE::CVideoDatabaseDirectory::GetLabel - Unknown nodetype requested 0
